<?xml version="1.0" encoding="UTF-8"?>
<testng-results skipped="0" failed="0" ignored="0" total="1" passed="1">
  <reporter-output>
  </reporter-output>
  <suite name="Default suite" duration-ms="10616" started-at="2022-09-17T17:18:50 IST" finished-at="2022-09-17T17:19:00 IST">
    <groups>
      <group name="smoke">
        <method signature="AutomationProj.Tc_01(java.lang.String,java.lang.String)[pri:1, instance:AutomationProj@1a3869f4]" name="Tc_01" class="AutomationProj"/>
      </group> <!-- smoke -->
    </groups>
    <test name="Default test" duration-ms="10616" started-at="2022-09-17T17:18:50 IST" finished-at="2022-09-17T17:19:00 IST">
      <class name="AutomationProj">
        <test-method status="PASS" signature="beforeSuite()[pri:0, instance:AutomationProj@1a3869f4]" name="beforeSuite" is-config="true" duration-ms="6" started-at="2022-09-17T17:18:50 IST" finished-at="2022-09-17T17:18:50 IST">
          <reporter-output>
          </reporter-output>
        </test-method> <!-- beforeSuite -->
        <test-method status="PASS" signature="beforeTest()[pri:0, instance:AutomationProj@1a3869f4]" name="beforeTest" is-config="true" duration-ms="0" started-at="2022-09-17T17:18:50 IST" finished-at="2022-09-17T17:18:50 IST">
          <reporter-output>
          </reporter-output>
        </test-method> <!-- beforeTest -->
        <test-method status="PASS" signature="beforeClass()[pri:0, instance:AutomationProj@1a3869f4]" name="beforeClass" is-config="true" duration-ms="4184" started-at="2022-09-17T17:18:50 IST" finished-at="2022-09-17T17:18:54 IST">
          <reporter-output>
          </reporter-output>
        </test-method> <!-- beforeClass -->
        <test-method status="PASS" signature="beforeMethod()[pri:0, instance:AutomationProj@1a3869f4]" name="beforeMethod" is-config="true" duration-ms="0" started-at="2022-09-17T17:18:54 IST" finished-at="2022-09-17T17:18:54 IST">
          <reporter-output>
          </reporter-output>
        </test-method> <!-- beforeMethod -->
        <test-method status="PASS" signature="Tc_01(java.lang.String,java.lang.String)[pri:1, instance:AutomationProj@1a3869f4]" name="Tc_01" duration-ms="6381" started-at="2022-09-17T17:18:54 IST" data-provider="dp" finished-at="2022-09-17T17:19:00 IST">
          <params>
            <param index="0">
              <value>
                <![CDATA[Sample]]>
              </value>
            </param>
            <param index="1">
              <value>
                <![CDATA[Sample]]>
              </value>
            </param>
          </params>
          <reporter-output>
          </reporter-output>
        </test-method> <!-- Tc_01 -->
        <test-method status="PASS" signature="afterMethod()[pri:0, instance:AutomationProj@1a3869f4]" name="afterMethod" is-config="true" duration-ms="0" started-at="2022-09-17T17:19:00 IST" finished-at="2022-09-17T17:19:00 IST">
          <reporter-output>
          </reporter-output>
        </test-method> <!-- afterMethod -->
        <test-method status="PASS" signature="afterClass()[pri:0, instance:AutomationProj@1a3869f4]" name="afterClass" is-config="true" duration-ms="0" started-at="2022-09-17T17:19:00 IST" finished-at="2022-09-17T17:19:00 IST">
          <reporter-output>
          </reporter-output>
        </test-method> <!-- afterClass -->
        <test-method status="PASS" signature="afterTest()[pri:0, instance:AutomationProj@1a3869f4]" name="afterTest" is-config="true" duration-ms="2" started-at="2022-09-17T17:19:00 IST" finished-at="2022-09-17T17:19:00 IST">
          <reporter-output>
          </reporter-output>
        </test-method> <!-- afterTest -->
        <test-method status="PASS" signature="afterSuite()[pri:0, instance:AutomationProj@1a3869f4]" name="afterSuite" is-config="true" duration-ms="0" started-at="2022-09-17T17:19:00 IST" finished-at="2022-09-17T17:19:00 IST">
          <reporter-output>
          </reporter-output>
        </test-method> <!-- afterSuite -->
      </class> <!-- AutomationProj -->
    </test> <!-- Default test -->
  </suite> <!-- Default suite -->
</testng-results>
